epoch,loss,val_loss
0,0.81750567467824187,0.76822962057648447
1,0.74026238145333545,0.72086082507570903
2,0.70918168990687613,0.69966729707424224
3,0.6899627176588482,0.68550730756268119
4,0.67900615810317333,0.67703062972141437
5,0.67144708777710749,0.67162659527610147
6,0.66352867839659324,0.66774569396261652
7,0.66017423969524391,0.664186025457985
8,0.65698648735837906,0.66183156509260299
9,0.65343653872308538,0.65891623931727106
10,0.64971532103651197,0.65798284961106901
11,0.64831672020535647,0.65472337473153686
12,0.64644026764875184,0.65352862783537113
13,0.64217584844281417,0.65105199997390306
14,0.63850812832972503,0.64983635049198585
15,0.63964789075191841,0.64853449057141621
16,0.63659592329253378,0.64681645585420255
17,0.63436619907359915,0.64567419418059835
18,0.63329492573779322,0.64441527858545555
19,0.63137023352752153,0.6438151123651229
20,0.62860719700711609,0.64265331988203278
21,0.62703203691185727,0.64119403800856156
22,0.62660177159378094,0.64041957640763814
23,0.62484052571164772,0.63898132115940609
24,0.62424204019716911,0.63852333568483355
25,0.62269878825468017,0.63775904686756224
26,0.62141080685926098,0.63719395329538775
27,0.62016620553536095,0.63621793622135925
28,0.61970899668481916,0.63538040459832268
29,0.61766299330535468,0.63472785372015339
30,0.61584427892646465,0.63417908930894429
31,0.6148754884770693,0.63370433551179339
32,0.61378397507007942,0.63237767832012581
33,0.61388297014002846,0.63210531697280981
34,0.6127097873763323,0.63134443141652852
35,0.60905382492356752,0.63157740500989568
36,0.61042347395797969,0.63070194927954404
37,0.60772384784750699,0.63031662689035872
38,0.60823823335534899,0.62924230562423389
39,0.60734614343395843,0.62896720429873354
40,0.60663265573875358,0.62822555655212031
41,0.6058077543372723,0.62778001531016692
42,0.60472170162613181,0.62739831866089679
43,0.60363034023675177,0.62660909529829723
44,0.60271724783721503,0.62613128543479712
45,0.60263421161030484,0.62616654588105802
46,0.60001506053061582,0.62581430571199048
47,0.59993504009260568,0.6254370119815128
48,0.59930243401087668,0.62516379510950615
49,0.59866588096797291,0.62489890482282717
50,0.596931446612053,0.62463122026653695
51,0.59724399799572292,0.62413716857205337
52,0.59666532879260503,0.62361907601549715
53,0.59664076394924859,0.62360557986233189
54,0.5955529170008832,0.62343774013812958
55,0.59240464810335669,0.62320516648516666
56,0.59320886806727147,0.6226558779974618
57,0.5935458059956773,0.62247984789951882
58,0.59149408271745574,0.62217677798804438
59,0.5916993528690393,0.62175724349879757
60,0.58947409642189308,0.62144512981417888
61,0.59097484939380063,0.62149193626941701
62,0.58909993788350901,0.62119697828926568
63,0.58941422673398547,0.62048050833675816
64,0.58748018148996639,0.62055680411754588
65,0.58740255915122352,0.62023820357345882
66,0.58527203483952572,0.61979300904312629
67,0.58542199419967034,0.61954651263390015
68,0.5874105187760994,0.6190327673522541
69,0.58422173125943122,0.61890939684702473
70,0.58435181401648506,0.61850809925379202
71,0.58417413334338053,0.61823409863383882
72,0.58146990788429542,0.61827514198649447
73,0.5814916256181788,0.61755653834227031
74,0.58083464364153503,0.6173044417047423
75,0.57927943323805975,0.61712637181413421
76,0.57832248925475638,0.61621877691154536
77,0.58001373721130989,0.61629898747130385
78,0.5792633781172013,0.61600606397059976
79,0.57611936562686561,0.6156874596589581
80,0.57824735450813336,0.61578086757582629
81,0.5748063014975886,0.61606186415812958
82,0.57598057500910693,0.6154808027238089
83,0.57347206097171355,0.61515233427817473
84,0.57361903529002278,0.61498245456809941
85,0.57325880268121654,0.61406860581479927
86,0.57189068782226493,0.61374490931509385
87,0.57095563300061292,0.61381421531618507
88,0.57121412073844446,0.61387734098218061
89,0.57119649897734781,0.61321332234424364
90,0.56975951481621268,0.6129664109243953
91,0.56814725666980581,0.61331397884282335
92,0.56913146711563856,0.61278125030295005
93,0.56725403554844922,0.61227213631186339
94,0.56460465606763655,0.61141907183432309
95,0.56800897028672936,0.61241762777201747
96,0.56525773368239063,0.61101414840457113
97,0.56381208692229101,0.61096685690083807
98,0.56362875291181225,0.61071996093762371
99,0.56251944811955656,0.61094884200072941
100,0.5619378044385388,0.61038022808356263
101,0.56322883743717622,0.60983710920791379
102,0.56153327759129856,0.60986242012227954
103,0.55845330333503596,0.609933424710841
104,0.5596374591935952,0.60970625817485913
105,0.55935694839837569,0.60891198773824606
106,0.55742541256143308,0.60884115906550007
107,0.5567612660893102,0.60867679872621017
108,0.55777408435983689,0.60803846650224069
109,0.55557522323701847,0.60770255752282165
110,0.55462725962960413,0.60746904661821588
111,0.55482562612044362,0.60723948662246263
112,0.55531388014469096,0.60712567420987296
113,0.55193106963242855,0.60645001653334307
114,0.5529370994148749,0.60642647762545887
115,0.55380401195641549,0.60589597571031395
116,0.55291387808082426,0.60564497233982795
117,0.54943688080702457,0.60564887861764993
118,0.54889971103723179,0.60486631754731435
119,0.54916369537111664,0.60529103493574565
120,0.54902161808110106,0.60543785605283762
121,0.54965489329797046,0.6057674110032365
122,0.54686060590771501,0.60505758160710144
123,0.54697693098518962,0.60435503817841141
124,0.5454221905480201,0.60415552433344688
125,0.5450194871391274,0.60416865203909975
126,0.54198252038241124,0.60451074734306032
127,0.54151330016531929,0.60359349755066138
128,0.54286603264575051,0.60310837872797318
129,0.54316348524533364,0.60386132556383576
130,0.54253263286280018,0.60346575407386793
131,0.5426117261651614,0.60287577425834615
132,0.54083211372152873,0.60256008091390234
133,0.54088231474590576,0.60162753446368766
134,0.54019584607665749,0.60266375493385027
135,0.53676054594496136,0.60233863246305641
136,0.53827443942212916,0.60226862753229748
137,0.53879027845880145,0.6012607831236223
138,0.53592289919811986,0.60176306393003542
139,0.5340981271321904,0.60139818255286936
140,0.53656317091812666,0.60128101093069664
141,0.53596810064673084,0.60234263235011787
142,0.5361756589639427,0.60014811684671832
143,0.53130007932440348,0.60031513592026031
144,0.53080354901486926,0.60028431490908951
145,0.53159054108930248,0.60013980851953963
146,0.53185346834254199,0.60051739708531038
147,0.52871100806365434,0.59951951940403569
148,0.52962265758418214,0.60050603539669345
149,0.52923513145886514,0.60014525389168982
150,0.52932583109102604,0.59958724815223363
151,0.52869958922224014,0.598676026157274
152,0.52648700915427304,0.59967209106519503
153,0.52863570644120317,0.5991199219439366
154,0.52575491458950541,0.59864144145572973
155,0.52474223931859476,0.59858445613078981
156,0.52624585193928108,0.59913673885830798
157,0.52141378034088726,0.60001685853135833
158,0.52448038185707779,0.59871737844940132
159,0.52323450495942525,0.59879256241518641
160,0.52328844613231906,0.59797019162479448
161,0.52317589547173782,0.59887413895497255
162,0.52117900485951207,0.59828473084170009
163,0.52063174309579374,0.59766535376420482
164,0.52138866187859678,0.59816671509410424
165,0.51985482746998235,0.59743055879973128
166,0.52060835806368411,0.59700815237128757
167,0.51888915716055839,0.59772762216663822
168,0.51901323178659597,0.5980951905830173
169,0.51808296620674021,0.59777431916958701
170,0.51736163517583689,0.59826507821461761
171,0.51666345865994434,0.59758044284205381
172,0.51536107441190337,0.59738829137826854
173,0.51656859666538513,0.59732513914618346
174,0.51442344070167978,0.59778557990706338
175,0.51683384712560032,0.59684402407471515
176,0.51307660727748261,0.59755752963803388
177,0.51407089348485213,0.59745529975071909
178,0.51260435014361949,0.59733422136770464
179,0.51272360641262371,0.59703981489957436
180,0.51045874920633405,0.59677411796980973
181,0.5104389493850191,0.59691226395447794
182,0.50982250973195786,0.59714277897700307
183,0.51082534954939518,0.59755505300225087
184,0.51158157076890598,0.59664324732615071
185,0.5090152608386378,0.59813976365124966
186,0.50931469585091649,0.59677106238648026
187,0.50843769363436297,0.595773070809134
188,0.51005527634785564,0.59624535647165056
189,0.50786020716260416,0.59673641933614274
190,0.50637871293238335,0.59666482034340085
191,0.50631146755617018,0.59536519371323304
192,0.50578633131142647,0.59677824904505206
193,0.50461257414446781,0.59666165926854464
194,0.50525464774552276,0.59707484755369211
195,0.50400388378231253,0.59636025345692567
196,0.50204242246295261,0.59637230325556656
197,0.50372446184543096,0.59651527576740204
198,0.50381695889258593,0.59700889573877791
199,0.50290391123947564,0.59760259036306818
200,0.50349350320846276,0.59662868553467663
201,0.50419915323642217,0.59687517672728874
202,0.50029552781616238,0.59702827062946862
203,0.49891414018804126,0.59736243600397099
204,0.49888148972555263,0.59758040439367677
205,0.50024035538651412,0.5974241918257801
206,0.49957091801448239,0.59747016449221912
207,0.50055155750653935,0.5969688005540128
208,0.49928681359167404,0.59678330065945173
209,0.49929093713375611,0.59699942333385281
210,0.50132255415064453,0.59746064301248114
211,0.49822725042142513,0.59698531461496218
212,0.49945494798830675,0.59701974301129535
