epoch,loss,val_loss
0,0.81813134016265643,0.72576248061873128
1,0.73831807845710296,0.68308276497789966
2,0.70715599508772975,0.66557118211784283
3,0.69221989290864205,0.6555048238964214
4,0.68059371833800542,0.64838307195612632
5,0.67644450541690704,0.64356963352016516
6,0.67079059748581837,0.63896377288199835
7,0.66628815574108058,0.63731314237810244
8,0.66215024545397372,0.63436730738746971
9,0.65718056306339945,0.63366652346589669
10,0.65558925255257827,0.63290916646387951
11,0.65513554226678516,0.6290968885454119
12,0.65032232489491304,0.62656968899645615
13,0.64825811988873028,0.62679435773021897
14,0.64477905518214951,0.62557834133818302
15,0.64311209834095118,0.62437607600519618
16,0.64247658284359477,0.62190263579408878
17,0.64132476422275886,0.6201729363745897
18,0.637353695906971,0.6198650893499853
19,0.63662085417559111,0.61984598174088879
20,0.63649136640088255,0.61786060492785411
21,0.63375372439905953,0.61842853242099105
22,0.63022821585623157,0.61524328385644766
23,0.63054992870998128,0.61477912836385928
24,0.6281907169465788,0.61422564452958439
25,0.62715795585073564,0.61291758813776875
26,0.62755758502358305,0.61262314286520392
27,0.62547743142168977,0.61182147607459403
28,0.62357925643451317,0.61035660049338292
29,0.62396221592845336,0.60992803094826886
30,0.62259034052049977,0.60947058850503255
31,0.62233224645434759,0.60844993280031168
32,0.61949480158519799,0.61016068093477926
33,0.61869462947951015,0.60858708907195391
34,0.61908134130935066,0.60834966973262816
35,0.61525870855056097,0.60750693308644088
36,0.61549393564446808,0.60535575660658325
37,0.61634922841771544,0.60723626878097081
38,0.61369895102154604,0.60503745822966393
39,0.61162318399903537,0.60461184606461793
40,0.61155340627214383,0.6030184958175786
41,0.61149491034079217,0.60402530331208759
42,0.60897622502703719,0.60301868912961365
43,0.61129420958271607,0.60192061541182162
44,0.60818202981216707,0.60242670901567308
45,0.60846352230732281,0.60127204393630407
46,0.60740525078509,0.6012582511642689
47,0.6068918289002585,0.60065085578624167
48,0.60488671102421387,0.60128278745161512
49,0.60396073753657864,0.60149423260418744
50,0.60412351358673899,0.59944400062690018
51,0.60359492747545307,0.60026756035872186
52,0.60309526401644509,0.59986056799391529
53,0.60213206033932998,0.59839850113742343
54,0.60178795719121969,0.59994535648874714
55,0.60037031537484464,0.5984129973209541
56,0.59769769835830211,0.59925939693855257
57,0.5989051460268674,0.59763833855063386
58,0.59875026036518408,0.59760829065421128
59,0.59698776492053518,0.59699207450430292
60,0.59759219286365173,0.59682385145367944
61,0.59617320537742269,0.5961100562445335
62,0.59723367810850192,0.59558234450520264
63,0.5930908655012781,0.59592000955494806
64,0.59455633922984497,0.59592346581218569
65,0.59283508949887775,0.59533416900020297
66,0.59285177296591651,0.59524141648912032
67,0.59284492176368531,0.59470957712964823
68,0.59119109043865226,0.59477531342940693
69,0.59254630240730743,0.59430837234807299
70,0.59061291967009932,0.59406566684483486
71,0.59046633818577055,0.59441330681732629
72,0.59058310116669832,0.59401133585852961
73,0.58911263882783238,0.59356495741954418
74,0.58808221146949335,0.59292213286192696
75,0.58677994015580304,0.59365785398776494
76,0.58593307936017336,0.5928760154512247
77,0.58574215512257455,0.59221511965415818
78,0.58499047301985363,0.59155507052564271
79,0.5865662222058815,0.59243771181124927
80,0.58672923241121533,0.59076742679801542
81,0.58438994813323497,0.59179371993008656
82,0.58156678109167681,0.59051844743341309
83,0.58313522743981305,0.5904145766271911
84,0.58137399894072017,0.58988632813508168
85,0.58056867056374117,0.5904929182767602
86,0.57929860412001088,0.58956884352369354
87,0.58008628027746068,0.58941482132950429
88,0.57825113875788459,0.58938888311627646
89,0.57838729745949602,0.58923836182393441
90,0.5799452851165926,0.58928288495379999
91,0.57662155726878639,0.58848984252233871
92,0.57716027169718431,0.58810375186583275
93,0.5754754668926958,0.5878663410164402
94,0.57599170704186986,0.58873533251836008
95,0.57492859309478295,0.58905287036694309
96,0.57370985100803817,0.58798019709515603
97,0.57268772776742038,0.58687125007355789
98,0.57146572094461701,0.58677624882010271
99,0.57221518027538165,0.58613046968119709
100,0.57146946077563476,0.5866244902407648
101,0.57064740279202697,0.58584490910862341
102,0.56961049693674459,0.58635378064156163
103,0.56833716149279534,0.58492856806274507
104,0.5683023784543535,0.58491850318656047
105,0.56762404090947971,0.58583017124278047
106,0.56599847229052269,0.58463849232511045
107,0.56665252509207342,0.58409301570550898
108,0.56629121319410247,0.58416147823996023
109,0.5624825169338058,0.5849028508564873
110,0.5656900781815315,0.58379615900509507
111,0.56431623526472907,0.58290807183493409
112,0.56396518014387431,0.58389069412136474
113,0.56259089497422521,0.58280962970998074
114,0.56212936069147645,0.58374605277197877
115,0.56267169419340057,0.58509226238615253
116,0.56194837040483414,0.58209400557237434
117,0.55978524376926275,0.5822469307506547
118,0.56163479434976171,0.58246832417265504
119,0.55809806086686675,0.5820906060364649
120,0.55714675029183269,0.5820985715955167
121,0.55635665114692079,0.58133347713648997
122,0.55924353391269499,0.58094848680793298
123,0.55667589132958684,0.58021583579833136
124,0.55591696925458089,0.58066039233448752
125,0.5543227350288199,0.58035620015970102
126,0.55392375863711674,0.5800943995316743
127,0.55562919196663185,0.57997124493212682
128,0.55144734218871738,0.57984394967260122
129,0.55251906572940579,0.5794722369655313
130,0.55040980528071337,0.57953167754808421
131,0.55142313232900386,0.57913312286352892
132,0.55124279985686075,0.57914981434391377
133,0.55050675790513592,0.57865449537103897
134,0.54676052287780674,0.57876388095949527
135,0.55034928809352168,0.5781869602178008
136,0.54974582556040974,0.57830412354516159
137,0.54798776718872133,0.57831104146094925
138,0.54781879849058401,0.57786886200041598
139,0.54730320632773266,0.57756772622271346
140,0.54609092781601165,0.57839930738652567
141,0.54597942660679244,0.57772515091764665
142,0.5451964701986256,0.57745883257939046
143,0.54513460817871107,0.57784807012685224
144,0.54418994610089966,0.57715896920778142
145,0.54401237487986209,0.57707126638638362
146,0.54412013063139475,0.57706780553999282
147,0.54413213509683089,0.57646459777320658
148,0.54245699918900259,0.57621893227227183
149,0.54074623879381256,0.5757561838109978
150,0.53895421485849426,0.57610452521440292
151,0.54059797346807836,0.57628830319032542
152,0.5404642832111326,0.57590909943659363
153,0.53811360508658679,0.57579204591377786
154,0.53826530804049777,0.57592390624238488
155,0.53935592913183172,0.57551926619290894
156,0.53409785430985302,0.57559030954024548
157,0.53558679205804682,0.57582311580855239
158,0.53571331071949047,0.57556187535609993
159,0.5329666414884614,0.57532282441887683
160,0.5332293345562179,0.57525901515280242
161,0.53286951175682551,0.57481686048577252
162,0.53548535071971048,0.57529888694052778
163,0.53262645807681952,0.57521746451097977
164,0.53155854960251947,0.5746282411043121
165,0.53423294128429222,0.57464543500034515
166,0.53179956550749841,0.57437813807048277
167,0.52952054118721203,0.57537974171297446
168,0.52768160091964389,0.57434716511854778
169,0.52749704767821248,0.57461710327809956
170,0.52640789599438087,0.57523537751220422
171,0.52862077639224381,0.5742298205166213
172,0.5280023693331849,0.57450674372040123
173,0.5290335637739082,0.57428644338635715
174,0.52545474502309075,0.57447252534658222
175,0.5260118498093469,0.57377085001825401
176,0.5272295197869642,0.57430907497892936
177,0.52486474667136895,0.57436752014700709
178,0.52261658723447157,0.57412758795351093
179,0.52734925705038516,0.5742325939863796
180,0.52292253763908003,0.57431647613857451
181,0.52208651341202561,0.57420606649872408
182,0.52304191483796925,0.5740055805244848
183,0.52264917239523001,0.57426987077107539
184,0.52180080937414086,0.57412316080357528
185,0.51963175194280553,0.57419911387746625
186,0.52233778227985228,0.57374783210352964
187,0.51929150105416455,0.57375870426004749
188,0.52186572660275055,0.57370365237817733
189,0.51786315577684372,0.57382523692882403
190,0.52038502387461105,0.57383501972909179
191,0.51979964895906161,0.57389887788474236
192,0.52100063365497518,0.57373106430734067
193,0.51854336292698211,0.57367094552344244
194,0.52050099243089565,0.57369860864835309
195,0.52133334106184093,0.57368625060860579
196,0.51981637317906459,0.57375454194651299
197,0.51934087369154602,0.57371559936265282
198,0.51582731809095783,0.57372324998201707
199,0.51904194524203573,0.57372510950986333
200,0.51890685971615802,0.57372175259269387
201,0.51590470421012602,0.57372390213086122
202,0.51998181330366899,0.57373605320886234
203,0.51840098676087054,0.57375460865226824
204,0.51844980822022313,0.57374969116642216
205,0.52000249781835284,0.57372180099316294
206,0.51956689786815602,0.57369948036703777
207,0.51815908437701441,0.57370001082180744
208,0.51616171008124878,0.57370613591913244
209,0.52002815830484417,0.57371021495765373
210,0.51886082666070199,0.57371525621476982
211,0.52222796948191419,0.57371219706721321
212,0.51681911881935427,0.57371621662487604
213,0.51847656346216486,0.57371951499411356
214,0.51874274281436572,0.57372267388630849
