epoch,loss,val_loss
0,0.81219287337483581,0.75193260610103607
1,0.72844854480511434,0.71179870516061783
2,0.69149889140515719,0.6905200220644474
3,0.68907721840046543,0.66897150874137878
4,0.6722671088441674,0.66107946634292603
5,0.66242147057941381,0.66011420637369156
6,0.67068800861771039,0.66062210872769356
7,0.65513081743910506,0.66191025450825691
8,0.66142762963836255,0.64756998792290688
9,0.6487378245137948,0.64320270344614983
10,0.64383656316199078,0.64341084286570549
11,0.65412246762095272,0.64665057137608528
12,0.6390551404373066,0.6499270386993885
13,0.64853082436162068,0.63604124262928963
14,0.63908662665597671,0.63246738165616989
15,0.63238549468122152,0.63145071640610695
16,0.64409914918847988,0.63552187755703926
17,0.62687190368368817,0.64052518829703331
18,0.63934028100323037,0.626815065741539
19,0.62903805025831239,0.62383868172764778
20,0.62304944456540001,0.6241479367017746
21,0.6349217099112433,0.62965622171759605
22,0.61674355534282888,0.63300484046339989
23,0.63104577676669971,0.62060456350445747
24,0.62043966912612347,0.61770772188901901
25,0.61704162827092346,0.61837032437324524
26,0.62705322689301257,0.62257291376590729
27,0.61276997166710934,0.62631195783615112
28,0.62671150194632042,0.61415712162852287
29,0.61674232648299987,0.61299113556742668
30,0.61187756620441902,0.6117146871984005
31,0.62171597021657066,0.61743831261992455
32,0.60583992495730121,0.62071150541305542
33,0.61842885154324612,0.60811303555965424
34,0.61045321038793987,0.60837483033537865
35,0.60641854679262319,0.60726771876215935
36,0.61572380525034831,0.61446694284677505
37,0.59997969551666364,0.61698481813073158
38,0.61469246455141013,0.60418057069182396
39,0.6064585166470231,0.60354852303862572
40,0.60296075802071714,0.60146945342421532
41,0.61001953893416638,0.60902019590139389
42,0.59523358981351593,0.61220401898026466
43,0.60971569878024023,0.6003020703792572
44,0.60069160037530334,0.60020255297422409
45,0.59932949599382035,0.59915675222873688
46,0.60519190607844175,0.60715745761990547
47,0.5907291652383031,0.60930781811475754
48,0.60804039827875189,0.59773191809654236
49,0.59770374784701152,0.59436613693833351
50,0.59442705842288768,0.59341845661401749
51,0.60149964311638393,0.6016971580684185
52,0.5861301887679744,0.60715848207473755
53,0.60307278101508677,0.59377892315387726
54,0.5930387027005164,0.59248809516429901
55,0.59032706360559206,0.59275543317198753
56,0.5985496118262007,0.60319884121417999
57,0.58183004396992766,0.60509220883250237
58,0.60128953891831471,0.5935104563832283
59,0.58997225426815691,0.59101975336670876
60,0.58545065454825251,0.59206141531467438
61,0.59371204207072392,0.59905360266566277
62,0.57984575162062779,0.60325878486037254
63,0.59546571599470599,0.59223990514874458
64,0.585175823528302,0.59082802012562752
65,0.58207045588909845,0.59076834097504616
66,0.59191902102650817,0.5984642393887043
67,0.57519819462621535,0.60221952944993973
68,0.59333666401940421,0.59080837666988373
69,0.57972647608723415,0.58886934444308281
70,0.58015088704792228,0.58878409862518311
71,0.58468065608192132,0.59712022915482521
72,0.56894125503462711,0.60057718679308891
73,0.5882844274913942,0.58851779252290726
74,0.57820901098811717,0.58893691748380661
75,0.57638179071851681,0.5883411169052124
76,0.58032666871676575,0.59550537541508675
77,0.56784096247441063,0.59924924001097679
78,0.58265912275056586,0.58642107620835304
79,0.57616902168515438,0.58451231941580772
80,0.5723293342300364,0.58587153255939484
81,0.57708746339823747,0.59467929229140282
82,0.56140072764577087,0.5945877879858017
83,0.58108031733615984,0.58479385823011398
84,0.56997924315509341,0.58505780622363091
85,0.56789022088050845,0.58640045300126076
86,0.57253906420759249,0.59381433203816414
87,0.55950117803908683,0.59784366562962532
88,0.57606747150421145,0.58466314524412155
89,0.56527597430664456,0.58184350281953812
90,0.56606685172867133,0.58287803083658218
91,0.56949315103324682,0.5904599092900753
92,0.55308861313639457,0.59557704627513885
93,0.57244913658580265,0.58279342576861382
94,0.56230784293632852,0.58261429145932198
95,0.56078381175930436,0.5854332223534584
96,0.56315335542769041,0.58941845968365669
97,0.55056850169156046,0.59769701212644577
98,0.56784620309198219,0.58382779732346535
99,0.55910895287216744,0.5811551958322525
100,0.55495816291989508,0.5814848393201828
101,0.55965910715025824,0.59118624776601791
102,0.54688172308174343,0.59538904204964638
103,0.56460817158222198,0.58237859234213829
104,0.55654183566278836,0.58336183801293373
105,0.5516728458372322,0.58206107467412949
106,0.55443437848542187,0.59233936294913292
107,0.54444047639498838,0.59693214669823647
108,0.5585713151338938,0.58212956786155701
109,0.55247954434075019,0.58124615997076035
110,0.55096708125359306,0.58473584428429604
111,0.55001897723288151,0.591046292334795
112,0.53968403637409212,0.59755608066916466
113,0.55656539701126717,0.58211224526166916
114,0.54801438336548447,0.58227920532226562
115,0.54411194437258947,0.58448373153805733
116,0.5457161484537898,0.5923268049955368
117,0.53710076808929441,0.5963454470038414
118,0.55303087041184706,0.58310003951191902
119,0.54563519964128093,0.58078623190522194
120,0.54233568407393795,0.58399644494056702
121,0.5431812859064824,0.59439454600214958
122,0.53151990320231468,0.59541536867618561
123,0.54714266287313928,0.5854094997048378
124,0.54215782070778973,0.58318103849887848
125,0.53698139158455105,0.58333838358521461
126,0.53882473054769875,0.59312558546662331
127,0.53099091496016526,0.59577839076519012
128,0.54336125681529179,0.58737972378730774
129,0.53763170448629471,0.58292674645781517
130,0.53358122045929368,0.58479250594973564
131,0.53618656388811159,0.59329927712678909
132,0.52754504914219313,0.59657726436853409
133,0.54296837714878288,0.58412561193108559
134,0.5346626305264579,0.58462434262037277
135,0.53159405943509697,0.58544566109776497
136,0.53218639098309184,0.5952838659286499
137,0.52136622006828726,0.59847032278776169
138,0.5378939410319199,0.58756277710199356
139,0.53235809126364164,0.5869736410677433
140,0.52550673895591016,0.58715248107910156
141,0.53219248354434967,0.59067286923527718
142,0.52266324702146894,0.59242908656597137
143,0.53710987559846934,0.58964391425251961
144,0.52995654796392277,0.58808044716715813
145,0.52414020501278547,0.58798489719629288
146,0.53181014810059524,0.5918317586183548
147,0.52059570873105843,0.59244591742753983
148,0.53579235519911794,0.58825809508562088
149,0.5300737586085339,0.58740273490548134
150,0.52123829811005984,0.5871577076613903
151,0.53020873577208127,0.59119796007871628
152,0.52268042540228044,0.59323292225599289
153,0.5358624393875534,0.58941618725657463
154,0.53052751498607453,0.58844068273901939
155,0.52111439664621606,0.58694460242986679
156,0.52811291435280361,0.59067554771900177
157,0.52133144712125934,0.59301069006323814
158,0.53429317836825907,0.58835436031222343
159,0.53031203277375161,0.58978907018899918
160,0.52111237677367961,0.58694525808095932
161,0.52925438655389323,0.58856526389718056
162,0.52229334575098918,0.58972693979740143
163,0.53534742899843168,0.58862027525901794
164,0.52846088019094306,0.58909057080745697
165,0.52192262684976731,0.5890280082821846
166,0.52779731267207375,0.58912904933094978
167,0.52238828451246833,0.58974842727184296
168,0.53522756526599058,0.58863598480820656
169,0.52930621165908465,0.58923271670937538
170,0.52355040617891258,0.58865933120250702
